<?xml version="1.0" encoding="utf-8"?>
<TestRun id="aa939220-75d3-4948-83fb-6937a707764d" name="noahi@DESKTOP-FCIM13U 2023-10-28 22:57:27" runUser="DESKTOP-FCIM13U\noahi" xmlns="http://microsoft.com/schemas/VisualStudio/TeamTest/2010">
  <Times creation="2023-10-28T22:57:27.3843214-04:00" queuing="2023-10-28T22:57:27.3843217-04:00" start="2023-10-28T22:57:25.6537814-04:00" finish="2023-10-28T22:57:27.8527467-04:00" />
  <TestSettings name="default" id="55f45411-70fb-4015-9414-06677e384fda">
    <Deployment runDeploymentRoot="noahi_DESKTOP-FCIM13U_2023-10-28_22_57_27" />
  </TestSettings>
  <Results>
    <UnitTestResult executionId="458a2cc5-43cd-4953-b0e9-d78b65aa89cd" testId="8b1b782d-b1a3-0260-7ed9-566203cb6d89" testName="TestSpellingBee.TestGuiController.NewPuzzleFromBaseWord" computerName="DESKTOP-FCIM13U" duration="00:00:00.0898816" startTime="2023-10-28T22:57:27.7013994-04:00" endTime="2023-10-28T22:57:27.7013999-04:00" testType="13cdc9d9-ddb5-4fa4-a97d-d965ccfc6d4b" outcome="Passed" testListId="8c84fa94-04c1-424b-9868-57a2d4851a1d" relativeResultsDirectory="458a2cc5-43cd-4953-b0e9-d78b65aa89cd" />
    <UnitTestResult executionId="303b0bf3-00b6-4e61-801a-b103e4afe1b8" testId="45701b02-8e02-f84f-f8d8-cc849dd1d38a" testName="TestSpellingBee.TestModel.ValidatePangramList" computerName="DESKTOP-FCIM13U" duration="00:00:00.1154832" startTime="2023-10-28T22:57:27.6944901-04:00" endTime="2023-10-28T22:57:27.6944904-04:00" testType="13cdc9d9-ddb5-4fa4-a97d-d965ccfc6d4b" outcome="Passed" testListId="8c84fa94-04c1-424b-9868-57a2d4851a1d" relativeResultsDirectory="303b0bf3-00b6-4e61-801a-b103e4afe1b8" />
    <UnitTestResult executionId="4ebf8504-5ae6-4b60-b7db-06b057bdfed7" testId="e7624b71-7006-5488-bade-6d91ac6a5c33" testName="TestSpellingBee.TestCliController.NewPuzzleFromBaseWord" computerName="DESKTOP-FCIM13U" duration="00:00:00.1339735" startTime="2023-10-28T22:57:27.4154307-04:00" endTime="2023-10-28T22:57:27.4154309-04:00" testType="13cdc9d9-ddb5-4fa4-a97d-d965ccfc6d4b" outcome="Passed" testListId="8c84fa94-04c1-424b-9868-57a2d4851a1d" relativeResultsDirectory="4ebf8504-5ae6-4b60-b7db-06b057bdfed7" />
    <UnitTestResult executionId="1e7f5dee-9201-4f42-93f9-8e034fa1c662" testId="8cb9b470-5e3a-1e36-9ec1-8e482841be52" testName="TestSpellingBee.TestModel.SaveVerify" computerName="DESKTOP-FCIM13U" duration="00:00:00.1682908" startTime="2023-10-28T22:57:27.4779819-04:00" endTime="2023-10-28T22:57:27.4779821-04:00" testType="13cdc9d9-ddb5-4fa4-a97d-d965ccfc6d4b" outcome="Passed" testListId="8c84fa94-04c1-424b-9868-57a2d4851a1d" relativeResultsDirectory="1e7f5dee-9201-4f42-93f9-8e034fa1c662" />
    <UnitTestResult executionId="0087c2cc-d595-4eba-99e9-e13e2971fc73" testId="b6e3ed1f-047a-c191-4fbe-1bb9065bb935" testName="TestSpellingBee.TestCliController.NewPuzzleResetsPoints" computerName="DESKTOP-FCIM13U" duration="00:00:00.0808825" startTime="2023-10-28T22:57:27.2205332-04:00" endTime="2023-10-28T22:57:27.2205333-04:00" testType="13cdc9d9-ddb5-4fa4-a97d-d965ccfc6d4b" outcome="Passed" testListId="8c84fa94-04c1-424b-9868-57a2d4851a1d" relativeResultsDirectory="0087c2cc-d595-4eba-99e9-e13e2971fc73" />
    <UnitTestResult executionId="ed3468cb-a2c5-439e-bd96-09f61a575da5" testId="8c4013ec-d24d-99f6-f788-82fcde006394" testName="TestSpellingBee.TestGuiController.GuessValid" computerName="DESKTOP-FCIM13U" duration="00:00:00.1066932" startTime="2023-10-28T22:57:27.6114560-04:00" endTime="2023-10-28T22:57:27.6114562-04:00" testType="13cdc9d9-ddb5-4fa4-a97d-d965ccfc6d4b" outcome="Passed" testListId="8c84fa94-04c1-424b-9868-57a2d4851a1d" relativeResultsDirectory="ed3468cb-a2c5-439e-bd96-09f61a575da5" />
    <UnitTestResult executionId="34a2f4c5-e10d-45fe-8b4b-beb1f9970166" testId="80fb9270-93af-b3dd-6e43-78eb6fc83df0" testName="TestSpellingBee.TestModel.PlayerPointsUpdate" computerName="DESKTOP-FCIM13U" duration="00:00:00.1008317" startTime="2023-10-28T22:57:27.5789126-04:00" endTime="2023-10-28T22:57:27.5789129-04:00" testType="13cdc9d9-ddb5-4fa4-a97d-d965ccfc6d4b" outcome="Passed" testListId="8c84fa94-04c1-424b-9868-57a2d4851a1d" relativeResultsDirectory="34a2f4c5-e10d-45fe-8b4b-beb1f9970166" />
    <UnitTestResult executionId="689b6979-0369-4293-8c0e-963db24fa22b" testId="c08a407c-48e3-64e7-64d9-7d22785f8d34" testName="TestSpellingBee.TestCliController.NewPuzzleResetsBaseWord" computerName="DESKTOP-FCIM13U" duration="00:00:00.0958717" startTime="2023-10-28T22:57:27.5113388-04:00" endTime="2023-10-28T22:57:27.5113391-04:00" testType="13cdc9d9-ddb5-4fa4-a97d-d965ccfc6d4b" outcome="Passed" testListId="8c84fa94-04c1-424b-9868-57a2d4851a1d" relativeResultsDirectory="689b6979-0369-4293-8c0e-963db24fa22b" />
    <UnitTestResult executionId="2ac8b46f-8542-47d4-81d7-3df25ee15685" testId="1c7ddffd-ab26-1231-595e-6663e81b8c46" testName="TestSpellingBee.TestModel.LoadVerify" computerName="DESKTOP-FCIM13U" duration="00:00:00.5995524" startTime="2023-10-28T22:57:27.2190556-04:00" endTime="2023-10-28T22:57:27.2190559-04:00" testType="13cdc9d9-ddb5-4fa4-a97d-d965ccfc6d4b" outcome="Passed" testListId="8c84fa94-04c1-424b-9868-57a2d4851a1d" relativeResultsDirectory="2ac8b46f-8542-47d4-81d7-3df25ee15685" />
    <UnitTestResult executionId="5b080508-31fc-4a77-85c8-2a3e363b8a0e" testId="88d6177f-f8ab-2a1e-3712-0b151de0088c" testName="TestSpellingBee.TestModel.ValidateGenerateValidWords" computerName="DESKTOP-FCIM13U" duration="00:00:00.0904406" startTime="2023-10-28T22:57:27.3095574-04:00" endTime="2023-10-28T22:57:27.3095578-04:00" testType="13cdc9d9-ddb5-4fa4-a97d-d965ccfc6d4b" outcome="Passed" testListId="8c84fa94-04c1-424b-9868-57a2d4851a1d" relativeResultsDirectory="5b080508-31fc-4a77-85c8-2a3e363b8a0e" />
    <UnitTestResult executionId="3bb95384-0836-4df0-bd33-c74ffc67d6fe" testId="7bc0c037-9e5f-f366-a7c1-553655cb1fb1" testName="TestSpellingBee.TestCliController.GuessValid" computerName="DESKTOP-FCIM13U" duration="00:00:00.3920850" startTime="2023-10-28T22:57:27.0176715-04:00" endTime="2023-10-28T22:57:27.0177418-04:00" testType="13cdc9d9-ddb5-4fa4-a97d-d965ccfc6d4b" outcome="Passed" testListId="8c84fa94-04c1-424b-9868-57a2d4851a1d" relativeResultsDirectory="3bb95384-0836-4df0-bd33-c74ffc67d6fe" />
    <UnitTestResult executionId="6d0c42f6-04ae-4ab4-9f6e-54c9910f5304" testId="e421349d-9284-2396-c94a-98efa62c6aef" testName="TestSpellingBee.TestGuiController.NewPuzzleResetsState" computerName="DESKTOP-FCIM13U" duration="00:00:00.1184711" startTime="2023-10-28T22:57:27.5046614-04:00" endTime="2023-10-28T22:57:27.5046619-04:00" testType="13cdc9d9-ddb5-4fa4-a97d-d965ccfc6d4b" outcome="Passed" testListId="8c84fa94-04c1-424b-9868-57a2d4851a1d" relativeResultsDirectory="6d0c42f6-04ae-4ab4-9f6e-54c9910f5304" />
    <UnitTestResult executionId="204423ff-b549-4e95-946e-970bb3e93c07" testId="133fb162-764b-92fd-b767-a104e008e9e0" testName="TestSpellingBee.TestGuiController.GuessInvalid" computerName="DESKTOP-FCIM13U" duration="00:00:00.1669898" startTime="2023-10-28T22:57:27.3861048-04:00" endTime="2023-10-28T22:57:27.3861051-04:00" testType="13cdc9d9-ddb5-4fa4-a97d-d965ccfc6d4b" outcome="Passed" testListId="8c84fa94-04c1-424b-9868-57a2d4851a1d" relativeResultsDirectory="204423ff-b549-4e95-946e-970bb3e93c07" />
    <UnitTestResult executionId="6606e88f-3f5a-4603-8d24-fe62f90f0c93" testId="2677fce3-65f1-cd8e-7f71-4e79f9786a52" testName="TestSpellingBee.TestCliController.GuessInvalid" computerName="DESKTOP-FCIM13U" duration="00:00:00.1224705" startTime="2023-10-28T22:57:27.1396257-04:00" endTime="2023-10-28T22:57:27.1396261-04:00" testType="13cdc9d9-ddb5-4fa4-a97d-d965ccfc6d4b" outcome="Passed" testListId="8c84fa94-04c1-424b-9868-57a2d4851a1d" relativeResultsDirectory="6606e88f-3f5a-4603-8d24-fe62f90f0c93" />
    <UnitTestResult executionId="3b3b373c-e36d-4095-9fa3-5de201746c6b" testId="8a504728-fe8b-e269-9e1f-81c3e3803ee3" testName="TestSpellingBee.TestGuiController.ValidateShuffle" computerName="DESKTOP-FCIM13U" duration="00:00:00.0177449" startTime="2023-10-28T22:57:27.7904316-04:00" endTime="2023-10-28T22:57:27.7904319-04:00" testType="13cdc9d9-ddb5-4fa4-a97d-d965ccfc6d4b" outcome="Passed" testListId="8c84fa94-04c1-424b-9868-57a2d4851a1d" relativeResultsDirectory="3b3b373c-e36d-4095-9fa3-5de201746c6b" />
    <UnitTestResult executionId="d5a0d642-bcf3-4eb2-89e2-c3558b6b7ae6" testId="6b0502c0-9898-9010-dfba-b388626bf254" testName="TestSpellingBee.TestCliController.ValidateShuffle" computerName="DESKTOP-FCIM13U" duration="00:00:00.0607063" startTime="2023-10-28T22:57:27.2813482-04:00" endTime="2023-10-28T22:57:27.2813484-04:00" testType="13cdc9d9-ddb5-4fa4-a97d-d965ccfc6d4b" outcome="Passed" testListId="8c84fa94-04c1-424b-9868-57a2d4851a1d" relativeResultsDirectory="d5a0d642-bcf3-4eb2-89e2-c3558b6b7ae6" />
    <UnitTestResult executionId="0b76716c-7b41-449b-8d56-e6ccf3385fcb" testId="2abf6f41-35a8-e58d-0ef8-0d7eaf5695e2" testName="TestSpellingBee.TestGuiController.SaveVerify" computerName="DESKTOP-FCIM13U" duration="00:00:00.0710532" startTime="2023-10-28T22:57:27.7725947-04:00" endTime="2023-10-28T22:57:27.7725949-04:00" testType="13cdc9d9-ddb5-4fa4-a97d-d965ccfc6d4b" outcome="Passed" testListId="8c84fa94-04c1-424b-9868-57a2d4851a1d" relativeResultsDirectory="0b76716c-7b41-449b-8d56-e6ccf3385fcb" />
    <UnitTestResult executionId="f4cbe328-0455-424a-93bd-7ab449540466" testId="28b282d6-1c41-3882-badd-88a65f2f9b56" testName="TestSpellingBee.TestGuiController.LoadVerify" computerName="DESKTOP-FCIM13U" duration="00:00:00.5996204" startTime="2023-10-28T22:57:27.2190965-04:00" endTime="2023-10-28T22:57:27.2190966-04:00" testType="13cdc9d9-ddb5-4fa4-a97d-d965ccfc6d4b" outcome="Passed" testListId="8c84fa94-04c1-424b-9868-57a2d4851a1d" relativeResultsDirectory="f4cbe328-0455-424a-93bd-7ab449540466" />
  </Results>
  <TestDefinitions>
    <UnitTest name="TestSpellingBee.TestCliController.NewPuzzleResetsPoints" storage="c:\users\noahi\source\repos\2023fa-420-thegaerbears\testspellingbee\bin\debug\net6.0\testspellingbee.dll" id="b6e3ed1f-047a-c191-4fbe-1bb9065bb935">
      <Execution id="0087c2cc-d595-4eba-99e9-e13e2971fc73" />
      <TestMethod codeBase="C:\Users\noahi\source\repos\2023fa-420-TheGaerBears\TestSpellingBee\bin\Debug\net6.0\TestSpellingBee.dll" adapterTypeName="executor://xunit/VsTestRunner2/netcoreapp" className="TestSpellingBee.TestCliController" name="NewPuzzleResetsPoints" />
    </UnitTest>
    <UnitTest name="TestSpellingBee.TestGuiController.GuessValid" storage="c:\users\noahi\source\repos\2023fa-420-thegaerbears\testspellingbee\bin\debug\net6.0\testspellingbee.dll" id="8c4013ec-d24d-99f6-f788-82fcde006394">
      <Execution id="ed3468cb-a2c5-439e-bd96-09f61a575da5" />
      <TestMethod codeBase="C:\Users\noahi\source\repos\2023fa-420-TheGaerBears\TestSpellingBee\bin\Debug\net6.0\TestSpellingBee.dll" adapterTypeName="executor://xunit/VsTestRunner2/netcoreapp" className="TestSpellingBee.TestGuiController" name="GuessValid" />
    </UnitTest>
    <UnitTest name="TestSpellingBee.TestCliController.NewPuzzleFromBaseWord" storage="c:\users\noahi\source\repos\2023fa-420-thegaerbears\testspellingbee\bin\debug\net6.0\testspellingbee.dll" id="e7624b71-7006-5488-bade-6d91ac6a5c33">
      <Execution id="4ebf8504-5ae6-4b60-b7db-06b057bdfed7" />
      <TestMethod codeBase="C:\Users\noahi\source\repos\2023fa-420-TheGaerBears\TestSpellingBee\bin\Debug\net6.0\TestSpellingBee.dll" adapterTypeName="executor://xunit/VsTestRunner2/netcoreapp" className="TestSpellingBee.TestCliController" name="NewPuzzleFromBaseWord" />
    </UnitTest>
    <UnitTest name="TestSpellingBee.TestGuiController.SaveVerify" storage="c:\users\noahi\source\repos\2023fa-420-thegaerbears\testspellingbee\bin\debug\net6.0\testspellingbee.dll" id="2abf6f41-35a8-e58d-0ef8-0d7eaf5695e2">
      <Execution id="0b76716c-7b41-449b-8d56-e6ccf3385fcb" />
      <TestMethod codeBase="C:\Users\noahi\source\repos\2023fa-420-TheGaerBears\TestSpellingBee\bin\Debug\net6.0\TestSpellingBee.dll" adapterTypeName="executor://xunit/VsTestRunner2/netcoreapp" className="TestSpellingBee.TestGuiController" name="SaveVerify" />
    </UnitTest>
    <UnitTest name="TestSpellingBee.TestCliController.NewPuzzleResetsBaseWord" storage="c:\users\noahi\source\repos\2023fa-420-thegaerbears\testspellingbee\bin\debug\net6.0\testspellingbee.dll" id="c08a407c-48e3-64e7-64d9-7d22785f8d34">
      <Execution id="689b6979-0369-4293-8c0e-963db24fa22b" />
      <TestMethod codeBase="C:\Users\noahi\source\repos\2023fa-420-TheGaerBears\TestSpellingBee\bin\Debug\net6.0\TestSpellingBee.dll" adapterTypeName="executor://xunit/VsTestRunner2/netcoreapp" className="TestSpellingBee.TestCliController" name="NewPuzzleResetsBaseWord" />
    </UnitTest>
    <UnitTest name="TestSpellingBee.TestModel.ValidateGenerateValidWords" storage="c:\users\noahi\source\repos\2023fa-420-thegaerbears\testspellingbee\bin\debug\net6.0\testspellingbee.dll" id="88d6177f-f8ab-2a1e-3712-0b151de0088c">
      <Execution id="5b080508-31fc-4a77-85c8-2a3e363b8a0e" />
      <TestMethod codeBase="C:\Users\noahi\source\repos\2023fa-420-TheGaerBears\TestSpellingBee\bin\Debug\net6.0\TestSpellingBee.dll" adapterTypeName="executor://xunit/VsTestRunner2/netcoreapp" className="TestSpellingBee.TestModel" name="ValidateGenerateValidWords" />
    </UnitTest>
    <UnitTest name="TestSpellingBee.TestGuiController.NewPuzzleResetsState" storage="c:\users\noahi\source\repos\2023fa-420-thegaerbears\testspellingbee\bin\debug\net6.0\testspellingbee.dll" id="e421349d-9284-2396-c94a-98efa62c6aef">
      <Execution id="6d0c42f6-04ae-4ab4-9f6e-54c9910f5304" />
      <TestMethod codeBase="C:\Users\noahi\source\repos\2023fa-420-TheGaerBears\TestSpellingBee\bin\Debug\net6.0\TestSpellingBee.dll" adapterTypeName="executor://xunit/VsTestRunner2/netcoreapp" className="TestSpellingBee.TestGuiController" name="NewPuzzleResetsState" />
    </UnitTest>
    <UnitTest name="TestSpellingBee.TestGuiController.LoadVerify" storage="c:\users\noahi\source\repos\2023fa-420-thegaerbears\testspellingbee\bin\debug\net6.0\testspellingbee.dll" id="28b282d6-1c41-3882-badd-88a65f2f9b56">
      <Execution id="f4cbe328-0455-424a-93bd-7ab449540466" />
      <TestMethod codeBase="C:\Users\noahi\source\repos\2023fa-420-TheGaerBears\TestSpellingBee\bin\Debug\net6.0\TestSpellingBee.dll" adapterTypeName="executor://xunit/VsTestRunner2/netcoreapp" className="TestSpellingBee.TestGuiController" name="LoadVerify" />
    </UnitTest>
    <UnitTest name="TestSpellingBee.TestGuiController.NewPuzzleFromBaseWord" storage="c:\users\noahi\source\repos\2023fa-420-thegaerbears\testspellingbee\bin\debug\net6.0\testspellingbee.dll" id="8b1b782d-b1a3-0260-7ed9-566203cb6d89">
      <Execution id="458a2cc5-43cd-4953-b0e9-d78b65aa89cd" />
      <TestMethod codeBase="C:\Users\noahi\source\repos\2023fa-420-TheGaerBears\TestSpellingBee\bin\Debug\net6.0\TestSpellingBee.dll" adapterTypeName="executor://xunit/VsTestRunner2/netcoreapp" className="TestSpellingBee.TestGuiController" name="NewPuzzleFromBaseWord" />
    </UnitTest>
    <UnitTest name="TestSpellingBee.TestGuiController.GuessInvalid" storage="c:\users\noahi\source\repos\2023fa-420-thegaerbears\testspellingbee\bin\debug\net6.0\testspellingbee.dll" id="133fb162-764b-92fd-b767-a104e008e9e0">
      <Execution id="204423ff-b549-4e95-946e-970bb3e93c07" />
      <TestMethod codeBase="C:\Users\noahi\source\repos\2023fa-420-TheGaerBears\TestSpellingBee\bin\Debug\net6.0\TestSpellingBee.dll" adapterTypeName="executor://xunit/VsTestRunner2/netcoreapp" className="TestSpellingBee.TestGuiController" name="GuessInvalid" />
    </UnitTest>
    <UnitTest name="TestSpellingBee.TestCliController.GuessInvalid" storage="c:\users\noahi\source\repos\2023fa-420-thegaerbears\testspellingbee\bin\debug\net6.0\testspellingbee.dll" id="2677fce3-65f1-cd8e-7f71-4e79f9786a52">
      <Execution id="6606e88f-3f5a-4603-8d24-fe62f90f0c93" />
      <TestMethod codeBase="C:\Users\noahi\source\repos\2023fa-420-TheGaerBears\TestSpellingBee\bin\Debug\net6.0\TestSpellingBee.dll" adapterTypeName="executor://xunit/VsTestRunner2/netcoreapp" className="TestSpellingBee.TestCliController" name="GuessInvalid" />
    </UnitTest>
    <UnitTest name="TestSpellingBee.TestGuiController.ValidateShuffle" storage="c:\users\noahi\source\repos\2023fa-420-thegaerbears\testspellingbee\bin\debug\net6.0\testspellingbee.dll" id="8a504728-fe8b-e269-9e1f-81c3e3803ee3">
      <Execution id="3b3b373c-e36d-4095-9fa3-5de201746c6b" />
      <TestMethod codeBase="C:\Users\noahi\source\repos\2023fa-420-TheGaerBears\TestSpellingBee\bin\Debug\net6.0\TestSpellingBee.dll" adapterTypeName="executor://xunit/VsTestRunner2/netcoreapp" className="TestSpellingBee.TestGuiController" name="ValidateShuffle" />
    </UnitTest>
    <UnitTest name="TestSpellingBee.TestModel.LoadVerify" storage="c:\users\noahi\source\repos\2023fa-420-thegaerbears\testspellingbee\bin\debug\net6.0\testspellingbee.dll" id="1c7ddffd-ab26-1231-595e-6663e81b8c46">
      <Execution id="2ac8b46f-8542-47d4-81d7-3df25ee15685" />
      <TestMethod codeBase="C:\Users\noahi\source\repos\2023fa-420-TheGaerBears\TestSpellingBee\bin\Debug\net6.0\TestSpellingBee.dll" adapterTypeName="executor://xunit/VsTestRunner2/netcoreapp" className="TestSpellingBee.TestModel" name="LoadVerify" />
    </UnitTest>
    <UnitTest name="TestSpellingBee.TestCliController.GuessValid" storage="c:\users\noahi\source\repos\2023fa-420-thegaerbears\testspellingbee\bin\debug\net6.0\testspellingbee.dll" id="7bc0c037-9e5f-f366-a7c1-553655cb1fb1">
      <Execution id="3bb95384-0836-4df0-bd33-c74ffc67d6fe" />
      <TestMethod codeBase="C:\Users\noahi\source\repos\2023fa-420-TheGaerBears\TestSpellingBee\bin\Debug\net6.0\TestSpellingBee.dll" adapterTypeName="executor://xunit/VsTestRunner2/netcoreapp" className="TestSpellingBee.TestCliController" name="GuessValid" />
    </UnitTest>
    <UnitTest name="TestSpellingBee.TestCliController.ValidateShuffle" storage="c:\users\noahi\source\repos\2023fa-420-thegaerbears\testspellingbee\bin\debug\net6.0\testspellingbee.dll" id="6b0502c0-9898-9010-dfba-b388626bf254">
      <Execution id="d5a0d642-bcf3-4eb2-89e2-c3558b6b7ae6" />
      <TestMethod codeBase="C:\Users\noahi\source\repos\2023fa-420-TheGaerBears\TestSpellingBee\bin\Debug\net6.0\TestSpellingBee.dll" adapterTypeName="executor://xunit/VsTestRunner2/netcoreapp" className="TestSpellingBee.TestCliController" name="ValidateShuffle" />
    </UnitTest>
    <UnitTest name="TestSpellingBee.TestModel.SaveVerify" storage="c:\users\noahi\source\repos\2023fa-420-thegaerbears\testspellingbee\bin\debug\net6.0\testspellingbee.dll" id="8cb9b470-5e3a-1e36-9ec1-8e482841be52">
      <Execution id="1e7f5dee-9201-4f42-93f9-8e034fa1c662" />
      <TestMethod codeBase="C:\Users\noahi\source\repos\2023fa-420-TheGaerBears\TestSpellingBee\bin\Debug\net6.0\TestSpellingBee.dll" adapterTypeName="executor://xunit/VsTestRunner2/netcoreapp" className="TestSpellingBee.TestModel" name="SaveVerify" />
    </UnitTest>
    <UnitTest name="TestSpellingBee.TestModel.PlayerPointsUpdate" storage="c:\users\noahi\source\repos\2023fa-420-thegaerbears\testspellingbee\bin\debug\net6.0\testspellingbee.dll" id="80fb9270-93af-b3dd-6e43-78eb6fc83df0">
      <Execution id="34a2f4c5-e10d-45fe-8b4b-beb1f9970166" />
      <TestMethod codeBase="C:\Users\noahi\source\repos\2023fa-420-TheGaerBears\TestSpellingBee\bin\Debug\net6.0\TestSpellingBee.dll" adapterTypeName="executor://xunit/VsTestRunner2/netcoreapp" className="TestSpellingBee.TestModel" name="PlayerPointsUpdate" />
    </UnitTest>
    <UnitTest name="TestSpellingBee.TestModel.ValidatePangramList" storage="c:\users\noahi\source\repos\2023fa-420-thegaerbears\testspellingbee\bin\debug\net6.0\testspellingbee.dll" id="45701b02-8e02-f84f-f8d8-cc849dd1d38a">
      <Execution id="303b0bf3-00b6-4e61-801a-b103e4afe1b8" />
      <TestMethod codeBase="C:\Users\noahi\source\repos\2023fa-420-TheGaerBears\TestSpellingBee\bin\Debug\net6.0\TestSpellingBee.dll" adapterTypeName="executor://xunit/VsTestRunner2/netcoreapp" className="TestSpellingBee.TestModel" name="ValidatePangramList" />
    </UnitTest>
  </TestDefinitions>
  <TestEntries>
    <TestEntry testId="8b1b782d-b1a3-0260-7ed9-566203cb6d89" executionId="458a2cc5-43cd-4953-b0e9-d78b65aa89cd" testListId="8c84fa94-04c1-424b-9868-57a2d4851a1d" />
    <TestEntry testId="45701b02-8e02-f84f-f8d8-cc849dd1d38a" executionId="303b0bf3-00b6-4e61-801a-b103e4afe1b8" testListId="8c84fa94-04c1-424b-9868-57a2d4851a1d" />
    <TestEntry testId="e7624b71-7006-5488-bade-6d91ac6a5c33" executionId="4ebf8504-5ae6-4b60-b7db-06b057bdfed7" testListId="8c84fa94-04c1-424b-9868-57a2d4851a1d" />
    <TestEntry testId="8cb9b470-5e3a-1e36-9ec1-8e482841be52" executionId="1e7f5dee-9201-4f42-93f9-8e034fa1c662" testListId="8c84fa94-04c1-424b-9868-57a2d4851a1d" />
    <TestEntry testId="b6e3ed1f-047a-c191-4fbe-1bb9065bb935" executionId="0087c2cc-d595-4eba-99e9-e13e2971fc73" testListId="8c84fa94-04c1-424b-9868-57a2d4851a1d" />
    <TestEntry testId="8c4013ec-d24d-99f6-f788-82fcde006394" executionId="ed3468cb-a2c5-439e-bd96-09f61a575da5" testListId="8c84fa94-04c1-424b-9868-57a2d4851a1d" />
    <TestEntry testId="80fb9270-93af-b3dd-6e43-78eb6fc83df0" executionId="34a2f4c5-e10d-45fe-8b4b-beb1f9970166" testListId="8c84fa94-04c1-424b-9868-57a2d4851a1d" />
    <TestEntry testId="c08a407c-48e3-64e7-64d9-7d22785f8d34" executionId="689b6979-0369-4293-8c0e-963db24fa22b" testListId="8c84fa94-04c1-424b-9868-57a2d4851a1d" />
    <TestEntry testId="1c7ddffd-ab26-1231-595e-6663e81b8c46" executionId="2ac8b46f-8542-47d4-81d7-3df25ee15685" testListId="8c84fa94-04c1-424b-9868-57a2d4851a1d" />
    <TestEntry testId="88d6177f-f8ab-2a1e-3712-0b151de0088c" executionId="5b080508-31fc-4a77-85c8-2a3e363b8a0e" testListId="8c84fa94-04c1-424b-9868-57a2d4851a1d" />
    <TestEntry testId="7bc0c037-9e5f-f366-a7c1-553655cb1fb1" executionId="3bb95384-0836-4df0-bd33-c74ffc67d6fe" testListId="8c84fa94-04c1-424b-9868-57a2d4851a1d" />
    <TestEntry testId="e421349d-9284-2396-c94a-98efa62c6aef" executionId="6d0c42f6-04ae-4ab4-9f6e-54c9910f5304" testListId="8c84fa94-04c1-424b-9868-57a2d4851a1d" />
    <TestEntry testId="133fb162-764b-92fd-b767-a104e008e9e0" executionId="204423ff-b549-4e95-946e-970bb3e93c07" testListId="8c84fa94-04c1-424b-9868-57a2d4851a1d" />
    <TestEntry testId="2677fce3-65f1-cd8e-7f71-4e79f9786a52" executionId="6606e88f-3f5a-4603-8d24-fe62f90f0c93" testListId="8c84fa94-04c1-424b-9868-57a2d4851a1d" />
    <TestEntry testId="8a504728-fe8b-e269-9e1f-81c3e3803ee3" executionId="3b3b373c-e36d-4095-9fa3-5de201746c6b" testListId="8c84fa94-04c1-424b-9868-57a2d4851a1d" />
    <TestEntry testId="6b0502c0-9898-9010-dfba-b388626bf254" executionId="d5a0d642-bcf3-4eb2-89e2-c3558b6b7ae6" testListId="8c84fa94-04c1-424b-9868-57a2d4851a1d" />
    <TestEntry testId="2abf6f41-35a8-e58d-0ef8-0d7eaf5695e2" executionId="0b76716c-7b41-449b-8d56-e6ccf3385fcb" testListId="8c84fa94-04c1-424b-9868-57a2d4851a1d" />
    <TestEntry testId="28b282d6-1c41-3882-badd-88a65f2f9b56" executionId="f4cbe328-0455-424a-93bd-7ab449540466" testListId="8c84fa94-04c1-424b-9868-57a2d4851a1d" />
  </TestEntries>
  <TestLists>
    <TestList name="Results Not in a List" id="8c84fa94-04c1-424b-9868-57a2d4851a1d" />
    <TestList name="All Loaded Results" id="19431567-8539-422a-85d7-44ee4e166bda" />
  </TestLists>
  <ResultSummary outcome="Completed">
    <Counters total="18" executed="18" passed="18" failed="0" error="0" timeout="0" aborted="0" inconclusive="0" passedButRunAborted="0" notRunnable="0" notExecuted="0" disconnected="0" warning="0" completed="0" inProgress="0" pending="0" />
    <Output>
      <StdOut>[xUnit.net 00:00:00.00] xUnit.net VSTest Adapter v2.5.1.1+5fe7eebc65 (64-bit .NET 6.0.22)&#xD;
[xUnit.net 00:00:00.12]   Discovering: TestSpellingBee&#xD;
[xUnit.net 00:00:00.18]   Discovered:  TestSpellingBee&#xD;
[xUnit.net 00:00:00.18]   Starting:    TestSpellingBee&#xD;
[xUnit.net 00:00:01.43]   Finished:    TestSpellingBee&#xD;
</StdOut>
    </Output>
  </ResultSummary>
</TestRun>